<?xml version="1.0" encoding="UTF-8"?>
<testng-results skipped="0" failed="0" ignored="0" total="2" passed="2">
  <reporter-output>
  </reporter-output>
  <suite name="Suite" duration-ms="31951" started-at="2020-01-28T06:55:43Z" finished-at="2020-01-28T06:56:15Z">
    <groups>
    </groups>
    <test name="ieTest" duration-ms="13674" started-at="2020-01-28T06:55:43Z" finished-at="2020-01-28T06:55:56Z">
      <class name="demos.Parallelexe">
        <test-method status="PASS" signature="test(java.lang.String)[pri:0, instance:demos.Parallelexe@5056dfcb]" name="test" duration-ms="13628" started-at="2020-01-28T06:55:43Z" finished-at="2020-01-28T06:55:56Z">
          <params>
            <param index="0">
              <value>
                <![CDATA[ie]]>
              </value>
            </param>
          </params>
          <reporter-output>
          </reporter-output>
        </test-method> <!-- test -->
      </class> <!-- demos.Parallelexe -->
    </test> <!-- ieTest -->
    <test name="ffTest" duration-ms="31951" started-at="2020-01-28T06:55:43Z" finished-at="2020-01-28T06:56:15Z">
      <class name="demos.Parallelexe">
        <test-method status="PASS" signature="test(java.lang.String)[pri:0, instance:demos.Parallelexe@51081592]" name="test" duration-ms="31907" started-at="2020-01-28T06:55:43Z" finished-at="2020-01-28T06:56:15Z">
          <params>
            <param index="0">
              <value>
                <![CDATA[ff]]>
              </value>
            </param>
          </params>
          <reporter-output>
          </reporter-output>
        </test-method> <!-- test -->
      </class> <!-- demos.Parallelexe -->
    </test> <!-- ffTest -->
  </suite> <!-- Suite -->
</testng-results>
